  App.cpp
C:\Users\Megaport\Documents\GitHub\navalBattleMultiThreading\navalBattleMulti\App.cpp(71,17): warning C4244: 'argument' : conversion de 'time_t' en 'unsigned int', perte possible de données
  board.cpp
C:\Users\Megaport\Documents\GitHub\navalBattleMultiThreading\navalBattleMulti\board.cpp(4,226): warning C4244: 'initialisation' : conversion de 'double' en 'const int', perte possible de données
C:\Users\Megaport\Documents\GitHub\navalBattleMultiThreading\navalBattleMulti\board.cpp(13,43): warning C4244: 'argument' : conversion de 'const int' en 'float', perte possible de données
C:\Users\Megaport\Documents\GitHub\navalBattleMultiThreading\navalBattleMulti\board.cpp(13,27): warning C4244: 'argument' : conversion de 'const int' en 'float', perte possible de données
C:\Users\Megaport\Documents\GitHub\navalBattleMultiThreading\navalBattleMulti\board.cpp(48,35): warning C4244: 'argument' : conversion de 'const int' en 'float', perte possible de données
C:\Users\Megaport\Documents\GitHub\navalBattleMultiThreading\navalBattleMulti\board.cpp(48,23): warning C4244: 'argument' : conversion de 'const int' en 'float', perte possible de données
C:\Users\Megaport\Documents\GitHub\navalBattleMultiThreading\navalBattleMulti\board.cpp(50,14): warning C4244: '=' : conversion de 'const int' en 'T', perte possible de données
          with
          [
              T=float
          ]
C:\Users\Megaport\Documents\GitHub\navalBattleMultiThreading\navalBattleMulti\board.cpp(51,13): warning C4244: '=' : conversion de 'const int' en 'T', perte possible de données
          with
          [
              T=float
          ]
C:\Users\Megaport\Documents\GitHub\navalBattleMultiThreading\navalBattleMulti\board.cpp(52,15): warning C4244: '=' : conversion de 'const int' en 'T', perte possible de données
          with
          [
              T=float
          ]
C:\Users\Megaport\Documents\GitHub\navalBattleMultiThreading\navalBattleMulti\board.cpp(103,4): warning C4244: 'argument' : conversion de 'int' en 'T', perte possible de données
          with
          [
              T=float
          ]
C:\Users\Megaport\Documents\GitHub\navalBattleMultiThreading\navalBattleMulti\board.cpp(102,51): warning C4244: 'argument' : conversion de 'int' en 'T', perte possible de données
          with
          [
              T=float
          ]
C:\Users\Megaport\Documents\GitHub\navalBattleMultiThreading\navalBattleMulti\board.cpp(103,48): warning C4244: 'argument' : conversion de 'const int' en 'T', perte possible de données
          with
          [
              T=float
          ]
C:\Users\Megaport\Documents\GitHub\navalBattleMultiThreading\navalBattleMulti\board.cpp(103,35): warning C4244: 'argument' : conversion de 'const int' en 'T', perte possible de données
          with
          [
              T=float
          ]
  boat.cpp
C:\Users\Megaport\Documents\GitHub\navalBattleMultiThreading\navalBattleMulti\boat.cpp(52,30): warning C4244: 'argument' : conversion de 'const int' en 'float', perte possible de données
C:\Users\Megaport\Documents\GitHub\navalBattleMultiThreading\navalBattleMulti\boat.cpp(68,81): warning C4244: 'argument' : conversion de 'T' en 'T', perte possible de données
          with
          [
              T=int
          ]
          and
          [
              T=float
          ]
C:\Users\Megaport\Documents\GitHub\navalBattleMultiThreading\navalBattleMulti\boat.cpp(68,63): warning C4244: 'argument' : conversion de 'T' en 'T', perte possible de données
          with
          [
              T=int
          ]
          and
          [
              T=float
          ]
C:\Users\Megaport\Documents\GitHub\navalBattleMultiThreading\navalBattleMulti\boat.cpp(87,81): warning C4244: 'argument' : conversion de 'T' en 'T', perte possible de données
          with
          [
              T=int
          ]
          and
          [
              T=float
          ]
C:\Users\Megaport\Documents\GitHub\navalBattleMultiThreading\navalBattleMulti\boat.cpp(87,63): warning C4244: 'argument' : conversion de 'T' en 'T', perte possible de données
          with
          [
              T=int
          ]
          and
          [
              T=float
          ]
C:\Users\Megaport\Documents\GitHub\navalBattleMultiThreading\navalBattleMulti\boat.cpp(90,31): warning C4244: 'argument' : conversion de 'const int' en 'float', perte possible de données
C:\Users\Megaport\Documents\GitHub\navalBattleMultiThreading\navalBattleMulti\boat.cpp(92,86): warning C4244: 'argument' : conversion de 'T' en 'T', perte possible de données
          with
          [
              T=int
          ]
          and
          [
              T=float
          ]
C:\Users\Megaport\Documents\GitHub\navalBattleMultiThreading\navalBattleMulti\boat.cpp(92,68): warning C4244: 'argument' : conversion de 'T' en 'T', perte possible de données
          with
          [
              T=int
          ]
          and
          [
              T=float
          ]
C:\Users\Megaport\Documents\GitHub\navalBattleMultiThreading\navalBattleMulti\boat.cpp(94,31): warning C4244: 'argument' : conversion de 'const int' en 'float', perte possible de données
C:\Users\Megaport\Documents\GitHub\navalBattleMultiThreading\navalBattleMulti\boat.cpp(101,79): warning C4244: 'argument' : conversion de 'T' en 'float', perte possible de données
          with
          [
              T=int
          ]
C:\Users\Megaport\Documents\GitHub\navalBattleMultiThreading\navalBattleMulti\boat.cpp(101,48): warning C4244: 'argument' : conversion de 'T' en 'float', perte possible de données
          with
          [
              T=int
          ]
C:\Users\Megaport\Documents\GitHub\navalBattleMultiThreading\navalBattleMulti\boat.cpp(127,36): warning C4244: 'argument' : conversion de 'const int' en 'float', perte possible de données
C:\Users\Megaport\Documents\GitHub\navalBattleMultiThreading\navalBattleMulti\boat.cpp(127,25): warning C4244: 'argument' : conversion de 'const int' en 'float', perte possible de données
C:\Users\Megaport\Documents\GitHub\navalBattleMultiThreading\navalBattleMulti\boat.cpp(133,36): warning C4244: 'argument' : conversion de 'const int' en 'float', perte possible de données
C:\Users\Megaport\Documents\GitHub\navalBattleMultiThreading\navalBattleMulti\boat.cpp(133,25): warning C4244: 'argument' : conversion de 'const int' en 'float', perte possible de données
C:\Users\Megaport\Documents\GitHub\navalBattleMultiThreading\navalBattleMulti\boat.cpp(139,35): warning C4244: 'argument' : conversion de 'const int' en 'float', perte possible de données
C:\Users\Megaport\Documents\GitHub\navalBattleMultiThreading\navalBattleMulti\boat.cpp(139,24): warning C4244: 'argument' : conversion de 'const int' en 'float', perte possible de données
  computer.cpp
C:\Users\Megaport\Documents\GitHub\navalBattleMultiThreading\navalBattleMulti\computer.cpp(194,28): warning C4244: 'argument' : conversion de 'int' en 'T', perte possible de données
          with
          [
              T=float
          ]
C:\Users\Megaport\Documents\GitHub\navalBattleMultiThreading\navalBattleMulti\computer.cpp(193,83): warning C4244: 'argument' : conversion de 'int' en 'T', perte possible de données
          with
          [
              T=float
          ]
C:\Users\Megaport\Documents\GitHub\navalBattleMultiThreading\navalBattleMulti\computer.cpp(194,60): warning C4244: 'argument' : conversion de 'const int' en 'T', perte possible de données
          with
          [
              T=float
          ]
C:\Users\Megaport\Documents\GitHub\navalBattleMultiThreading\navalBattleMulti\computer.cpp(194,47): warning C4244: 'argument' : conversion de 'const int' en 'T', perte possible de données
          with
          [
              T=float
          ]
C:\Users\Megaport\Documents\GitHub\navalBattleMultiThreading\navalBattleMulti\computer.cpp(222,97): warning C4244: 'argument' : conversion de 'T' en 'T', perte possible de données
          with
          [
              T=int
          ]
          and
          [
              T=float
          ]
C:\Users\Megaport\Documents\GitHub\navalBattleMultiThreading\navalBattleMulti\computer.cpp(222,66): warning C4244: 'argument' : conversion de 'T' en 'T', perte possible de données
          with
          [
              T=int
          ]
          and
          [
              T=float
          ]
  game.cpp
  navalBattleMulti.cpp
  Scene.cpp
  Utils.cpp
App.obj : error LNK2001: symbole externe non résolu "__declspec(dllimport) public: static class sf::RenderStates const sf::RenderStates::Default" (__imp_?Default@RenderStates@sf@@2V12@B)
App.obj : error LNK2001: symbole externe non résolu "__declspec(dllimport) public: static class sf::Color const sf::Color::White" (__imp_?White@Color@sf@@2V12@B)
App.obj : error LNK2001: symbole externe non résolu "__declspec(dllimport) public: void __cdecl sf::Transformable::setPosition(float,float)" (__imp_?setPosition@Transformable@sf@@QEAAXMM@Z)
App.obj : error LNK2001: symbole externe non résolu "__declspec(dllimport) public: __cdecl sf::Texture::~Texture(void)" (__imp_??1Texture@sf@@QEAA@XZ)
App.obj : error LNK2001: symbole externe non résolu "__declspec(dllimport) public: __cdecl sf::Font::~Font(void)" (__imp_??1Font@sf@@QEAA@XZ)
App.obj : error LNK2001: symbole externe non résolu "__declspec(dllimport) public: __cdecl sf::Font::Font(void)" (__imp_??0Font@sf@@QEAA@XZ)
App.obj : error LNK2001: symbole externe non résolu "__declspec(dllimport) public: virtual __cdecl sf::RenderWindow::~RenderWindow(void)" (__imp_??1RenderWindow@sf@@UEAA@XZ)
App.obj : error LNK2001: symbole externe non résolu "__declspec(dllimport) public: __cdecl sf::RenderWindow::RenderWindow(void)" (__imp_??0RenderWindow@sf@@QEAA@XZ)
App.obj : error LNK2001: symbole externe non résolu "__declspec(dllimport) public: void __cdecl sf::Window::display(void)" (__imp_?display@Window@sf@@QEAAXXZ)
App.obj : error LNK2001: symbole externe non résolu "__declspec(dllimport) public: bool __cdecl sf::Window::pollEvent(class sf::Event &)" (__imp_?pollEvent@Window@sf@@QEAA_NAEAVEvent@2@@Z)
App.obj : error LNK2001: symbole externe non résolu "__declspec(dllimport) public: bool __cdecl sf::Window::isOpen(void)const " (__imp_?isOpen@Window@sf@@QEBA_NXZ)
App.obj : error LNK2001: symbole externe non résolu "__declspec(dllimport) public: void __cdecl sf::Window::close(void)" (__imp_?close@Window@sf@@QEAAXXZ)
App.obj : error LNK2001: symbole externe non résolu "__declspec(dllimport) public: void __cdecl sf::Window::create(class sf::VideoMode,class sf::String const &,unsigned int,struct sf::ContextSettings const &)" (__imp_?create@Window@sf@@QEAAXVVideoMode@2@AEBVString@2@IAEBUContextSettings@2@@Z)
App.obj : error LNK2001: symbole externe non résolu "__declspec(dllimport) public: void __cdecl sf::RenderTarget::draw(class sf::Drawable const &,class sf::RenderStates const &)" (__imp_?draw@RenderTarget@sf@@QEAAXAEBVDrawable@2@AEBVRenderStates@2@@Z)
App.obj : error LNK2001: symbole externe non résolu "__declspec(dllimport) public: void __cdecl sf::RenderTarget::clear(class sf::Color const &)" (__imp_?clear@RenderTarget@sf@@QEAAXAEBVColor@2@@Z)
App.obj : error LNK2001: symbole externe non résolu "__declspec(dllimport) public: __cdecl sf::String::String(char const *,class std::locale const &)" (__imp_??0String@sf@@QEAA@PEBDAEBVlocale@std@@@Z)
App.obj : error LNK2001: symbole externe non résolu "__declspec(dllimport) public: __cdecl sf::VideoMode::VideoMode(unsigned int,unsigned int,unsigned int)" (__imp_??0VideoMode@sf@@QEAA@III@Z)
App.obj : error LNK2001: symbole externe non résolu "__declspec(dllimport) public: void __cdecl sf::Text::setFillColor(class sf::Color const &)" (__imp_?setFillColor@Text@sf@@QEAAXAEBVColor@2@@Z)
App.obj : error LNK2001: symbole externe non résolu "__declspec(dllimport) public: void __cdecl sf::Text::setCharacterSize(unsigned int)" (__imp_?setCharacterSize@Text@sf@@QEAAXI@Z)
App.obj : error LNK2001: symbole externe non résolu "__declspec(dllimport) public: void __cdecl sf::Text::setFont(class sf::Font const &)" (__imp_?setFont@Text@sf@@QEAAXAEBVFont@2@@Z)
App.obj : error LNK2001: symbole externe non résolu "__declspec(dllimport) public: void __cdecl sf::Text::setString(class sf::String const &)" (__imp_?setString@Text@sf@@QEAAXAEBVString@2@@Z)
App.obj : error LNK2001: symbole externe non résolu "__declspec(dllimport) public: __cdecl sf::Text::Text(void)" (__imp_??0Text@sf@@QEAA@XZ)
App.obj : error LNK2001: symbole externe non résolu "__declspec(dllimport) public: virtual __cdecl sf::Sprite::~Sprite(void)" (__imp_??1Sprite@sf@@UEAA@XZ)
App.obj : error LNK2001: symbole externe non résolu "__declspec(dllimport) public: __cdecl sf::String::~String(void)" (__imp_??1String@sf@@QEAA@XZ)
App.obj : error LNK2001: symbole externe non résolu "__declspec(dllimport) public: virtual __cdecl sf::Text::~Text(void)" (__imp_??1Text@sf@@UEAA@XZ)
board.obj : error LNK2001: symbole externe non résolu "__declspec(dllimport) public: class sf::Time __cdecl sf::Clock::restart(void)" (__imp_?restart@Clock@sf@@QEAA?AVTime@2@XZ)
board.obj : error LNK2001: symbole externe non résolu "__declspec(dllimport) public: class sf::Time __cdecl sf::Clock::getElapsedTime(void)const " (__imp_?getElapsedTime@Clock@sf@@QEBA?AVTime@2@XZ)
board.obj : error LNK2001: symbole externe non résolu "__declspec(dllimport) public: __cdecl sf::Clock::Clock(void)" (__imp_??0Clock@sf@@QEAA@XZ)
board.obj : error LNK2001: symbole externe non résolu "__declspec(dllimport) public: float __cdecl sf::Time::asSeconds(void)const " (__imp_?asSeconds@Time@sf@@QEBAMXZ)
board.obj : error LNK2001: symbole externe non résolu "__declspec(dllimport) public: bool __cdecl sf::Texture::loadFromFile(class std::basic_string<char,struct std::char_traits<char>,class std::allocator<char> > const &,class sf::Rect<int> const &)" (__imp_?loadFromFile@Texture@sf@@QEAA_NAEBV?$basic_string@DU?$char_traits@D@std@@V?$allocator@D@2@@std@@AEBV?$Rect@H@2@@Z)
board.obj : error LNK2001: symbole externe non résolu "__declspec(dllimport) public: __cdecl sf::Texture::Texture(void)" (__imp_??0Texture@sf@@QEAA@XZ)
board.obj : error LNK2001: symbole externe non résolu "__declspec(dllimport) public: bool __cdecl sf::Font::loadFromFile(class std::basic_string<char,struct std::char_traits<char>,class std::allocator<char> > const &)" (__imp_?loadFromFile@Font@sf@@QEAA_NAEBV?$basic_string@DU?$char_traits@D@std@@V?$allocator@D@2@@std@@@Z)
board.obj : error LNK2001: symbole externe non résolu "__declspec(dllimport) public: __cdecl sf::Color::Color(unsigned char,unsigned char,unsigned char,unsigned char)" (__imp_??0Color@sf@@QEAA@EEEE@Z)
board.obj : error LNK2001: symbole externe non résolu "__declspec(dllimport) public: static class sf::Color const sf::Color::Red" (__imp_?Red@Color@sf@@2V12@B)
board.obj : error LNK2001: symbole externe non résolu "__declspec(dllimport) private: virtual void __cdecl sf::Shape::draw(class sf::RenderTarget &,class sf::RenderStates)const " (__imp_?draw@Shape@sf@@EEBAXAEAVRenderTarget@2@VRenderStates@2@@Z)
board.obj : error LNK2001: symbole externe non résolu "__declspec(dllimport) public: void __cdecl sf::Shape::setFillColor(class sf::Color const &)" (__imp_?setFillColor@Shape@sf@@QEAAXAEBVColor@2@@Z)
board.obj : error LNK2001: symbole externe non résolu "__declspec(dllimport) public: virtual class sf::Vector2<float> __cdecl sf::RectangleShape::getPoint(unsigned __int64)const " (__imp_?getPoint@RectangleShape@sf@@UEBA?AV?$Vector2@M@2@_K@Z)
board.obj : error LNK2001: symbole externe non résolu "__declspec(dllimport) public: virtual unsigned __int64 __cdecl sf::RectangleShape::getPointCount(void)const " (__imp_?getPointCount@RectangleShape@sf@@UEBA_KXZ)
board.obj : error LNK2001: symbole externe non résolu "__declspec(dllimport) public: __cdecl sf::RectangleShape::RectangleShape(class sf::Vector2<float> const &)" (__imp_??0RectangleShape@sf@@QEAA@AEBV?$Vector2@M@1@@Z)
board.obj : error LNK2001: symbole externe non résolu "__declspec(dllimport) public: void __cdecl sf::Sprite::setTexture(class sf::Texture const &,bool)" (__imp_?setTexture@Sprite@sf@@QEAAXAEBVTexture@2@_N@Z)
board.obj : error LNK2001: symbole externe non résolu "__declspec(dllimport) public: __cdecl sf::Sprite::Sprite(void)" (__imp_??0Sprite@sf@@QEAA@XZ)
board.obj : error LNK2001: symbole externe non résolu "__declspec(dllimport) public: static class sf::Vector2<int> __cdecl sf::Mouse::getPosition(class sf::Window const &)" (__imp_?getPosition@Mouse@sf@@SA?AV?$Vector2@H@2@AEBVWindow@2@@Z)
board.obj : error LNK2001: symbole externe non résolu "__declspec(dllimport) public: static bool __cdecl sf::Mouse::isButtonPressed(enum sf::Mouse::Button)" (__imp_?isButtonPressed@Mouse@sf@@SA_NW4Button@12@@Z)
board.obj : error LNK2001: symbole externe non résolu "__declspec(dllimport) public: __cdecl sf::RectangleShape::RectangleShape(class sf::RectangleShape const &)" (__imp_??0RectangleShape@sf@@QEAA@AEBV01@@Z)
board.obj : error LNK2001: symbole externe non résolu "__declspec(dllimport) public: __cdecl sf::RectangleShape::RectangleShape(class sf::RectangleShape &&)" (__imp_??0RectangleShape@sf@@QEAA@$$QEAV01@@Z)
board.obj : error LNK2001: symbole externe non résolu "__declspec(dllimport) public: virtual __cdecl sf::RectangleShape::~RectangleShape(void)" (__imp_??1RectangleShape@sf@@UEAA@XZ)
boat.obj : error LNK2001: symbole externe non résolu "__declspec(dllimport) public: void __cdecl sf::Transformable::setOrigin(float,float)" (__imp_?setOrigin@Transformable@sf@@QEAAXMM@Z)
boat.obj : error LNK2001: symbole externe non résolu "__declspec(dllimport) public: void __cdecl sf::Transformable::setOrigin(class sf::Vector2<float> const &)" (__imp_?setOrigin@Transformable@sf@@QEAAXAEBV?$Vector2@M@2@@Z)
boat.obj : error LNK2001: symbole externe non résolu "__declspec(dllimport) public: void __cdecl sf::Transformable::setRotation(float)" (__imp_?setRotation@Transformable@sf@@QEAAXM@Z)
boat.obj : error LNK2001: symbole externe non résolu "__declspec(dllimport) public: __cdecl sf::Texture::Texture(class sf::Texture const &)" (__imp_??0Texture@sf@@QEAA@AEBV01@@Z)
boat.obj : error LNK2001: symbole externe non résolu "__declspec(dllimport) public: class sf::Rect<float> __cdecl sf::Sprite::getGlobalBounds(void)const " (__imp_?getGlobalBounds@Sprite@sf@@QEBA?AV?$Rect@M@2@XZ)
boat.obj : error LNK2001: symbole externe non résolu "__declspec(dllimport) public: void __cdecl sf::Sprite::setTextureRect(class sf::Rect<int> const &)" (__imp_?setTextureRect@Sprite@sf@@QEAAXAEBV?$Rect@H@2@@Z)
boat.obj : error LNK2001: symbole externe non résolu "__declspec(dllimport) public: __cdecl sf::Sprite::Sprite(class sf::Sprite const &)" (__imp_??0Sprite@sf@@QEAA@AEBV01@@Z)
boat.obj : error LNK2001: symbole externe non résolu "__declspec(dllimport) public: __cdecl sf::Sprite::Sprite(class sf::Sprite &&)" (__imp_??0Sprite@sf@@QEAA@$$QEAV01@@Z)
computer.obj : error LNK2001: symbole externe non résolu "__declspec(dllimport) public: static class sf::Color const sf::Color::Blue" (__imp_?Blue@Color@sf@@2V12@B)
C:\Users\Megaport\Documents\GitHub\navalBattleMultiThreading\x64\Release\navalBattleMulti.exe : fatal error LNK1120: 55 externes non résolus
