  App.cpp
C:\Users\Megaport\Documents\GitHub\navalBattleMultiThreading\navalBattleMulti\App.cpp(72,17): warning C4244: 'argument' : conversion de 'time_t' en 'unsigned int', perte possible de données
  Scene.cpp
  Utils.cpp
  board.cpp
C:\Users\Megaport\Documents\GitHub\navalBattleMultiThreading\navalBattleMulti\board.cpp(3,226): warning C4244: 'initialisation' : conversion de 'double' en 'const int', perte possible de données
C:\Users\Megaport\Documents\GitHub\navalBattleMultiThreading\navalBattleMulti\board.cpp(12,43): warning C4244: 'argument' : conversion de 'const int' en 'float', perte possible de données
C:\Users\Megaport\Documents\GitHub\navalBattleMultiThreading\navalBattleMulti\board.cpp(12,27): warning C4244: 'argument' : conversion de 'const int' en 'float', perte possible de données
C:\Users\Megaport\Documents\GitHub\navalBattleMultiThreading\navalBattleMulti\board.cpp(47,35): warning C4244: 'argument' : conversion de 'const int' en 'float', perte possible de données
C:\Users\Megaport\Documents\GitHub\navalBattleMultiThreading\navalBattleMulti\board.cpp(47,23): warning C4244: 'argument' : conversion de 'const int' en 'float', perte possible de données
C:\Users\Megaport\Documents\GitHub\navalBattleMultiThreading\navalBattleMulti\board.cpp(49,14): warning C4244: '=' : conversion de 'const int' en 'T', perte possible de données
          with
          [
              T=float
          ]
C:\Users\Megaport\Documents\GitHub\navalBattleMultiThreading\navalBattleMulti\board.cpp(50,13): warning C4244: '=' : conversion de 'const int' en 'T', perte possible de données
          with
          [
              T=float
          ]
C:\Users\Megaport\Documents\GitHub\navalBattleMultiThreading\navalBattleMulti\board.cpp(51,15): warning C4244: '=' : conversion de 'const int' en 'T', perte possible de données
          with
          [
              T=float
          ]
C:\Users\Megaport\Documents\GitHub\navalBattleMultiThreading\navalBattleMulti\board.cpp(102,4): warning C4244: 'argument' : conversion de 'int' en 'T', perte possible de données
          with
          [
              T=float
          ]
C:\Users\Megaport\Documents\GitHub\navalBattleMultiThreading\navalBattleMulti\board.cpp(101,51): warning C4244: 'argument' : conversion de 'int' en 'T', perte possible de données
          with
          [
              T=float
          ]
C:\Users\Megaport\Documents\GitHub\navalBattleMultiThreading\navalBattleMulti\board.cpp(102,48): warning C4244: 'argument' : conversion de 'const int' en 'T', perte possible de données
          with
          [
              T=float
          ]
C:\Users\Megaport\Documents\GitHub\navalBattleMultiThreading\navalBattleMulti\board.cpp(102,35): warning C4244: 'argument' : conversion de 'const int' en 'T', perte possible de données
          with
          [
              T=float
          ]
  boat.cpp
C:\Users\Megaport\Documents\GitHub\navalBattleMultiThreading\navalBattleMulti\boat.cpp(55,30): warning C4244: 'argument' : conversion de 'const int' en 'float', perte possible de données
C:\Users\Megaport\Documents\GitHub\navalBattleMultiThreading\navalBattleMulti\boat.cpp(71,81): warning C4244: 'argument' : conversion de 'T' en 'T', perte possible de données
          with
          [
              T=int
          ]
          and
          [
              T=float
          ]
C:\Users\Megaport\Documents\GitHub\navalBattleMultiThreading\navalBattleMulti\boat.cpp(71,63): warning C4244: 'argument' : conversion de 'T' en 'T', perte possible de données
          with
          [
              T=int
          ]
          and
          [
              T=float
          ]
C:\Users\Megaport\Documents\GitHub\navalBattleMultiThreading\navalBattleMulti\boat.cpp(90,81): warning C4244: 'argument' : conversion de 'T' en 'T', perte possible de données
          with
          [
              T=int
          ]
          and
          [
              T=float
          ]
C:\Users\Megaport\Documents\GitHub\navalBattleMultiThreading\navalBattleMulti\boat.cpp(90,63): warning C4244: 'argument' : conversion de 'T' en 'T', perte possible de données
          with
          [
              T=int
          ]
          and
          [
              T=float
          ]
C:\Users\Megaport\Documents\GitHub\navalBattleMultiThreading\navalBattleMulti\boat.cpp(93,31): warning C4244: 'argument' : conversion de 'const int' en 'float', perte possible de données
C:\Users\Megaport\Documents\GitHub\navalBattleMultiThreading\navalBattleMulti\boat.cpp(95,86): warning C4244: 'argument' : conversion de 'T' en 'T', perte possible de données
          with
          [
              T=int
          ]
          and
          [
              T=float
          ]
C:\Users\Megaport\Documents\GitHub\navalBattleMultiThreading\navalBattleMulti\boat.cpp(95,68): warning C4244: 'argument' : conversion de 'T' en 'T', perte possible de données
          with
          [
              T=int
          ]
          and
          [
              T=float
          ]
C:\Users\Megaport\Documents\GitHub\navalBattleMultiThreading\navalBattleMulti\boat.cpp(97,31): warning C4244: 'argument' : conversion de 'const int' en 'float', perte possible de données
C:\Users\Megaport\Documents\GitHub\navalBattleMultiThreading\navalBattleMulti\boat.cpp(104,79): warning C4244: 'argument' : conversion de 'T' en 'float', perte possible de données
          with
          [
              T=int
          ]
C:\Users\Megaport\Documents\GitHub\navalBattleMultiThreading\navalBattleMulti\boat.cpp(104,48): warning C4244: 'argument' : conversion de 'T' en 'float', perte possible de données
          with
          [
              T=int
          ]
C:\Users\Megaport\Documents\GitHub\navalBattleMultiThreading\navalBattleMulti\boat.cpp(130,36): warning C4244: 'argument' : conversion de 'const int' en 'float', perte possible de données
C:\Users\Megaport\Documents\GitHub\navalBattleMultiThreading\navalBattleMulti\boat.cpp(130,25): warning C4244: 'argument' : conversion de 'const int' en 'float', perte possible de données
C:\Users\Megaport\Documents\GitHub\navalBattleMultiThreading\navalBattleMulti\boat.cpp(136,36): warning C4244: 'argument' : conversion de 'const int' en 'float', perte possible de données
C:\Users\Megaport\Documents\GitHub\navalBattleMultiThreading\navalBattleMulti\boat.cpp(136,25): warning C4244: 'argument' : conversion de 'const int' en 'float', perte possible de données
C:\Users\Megaport\Documents\GitHub\navalBattleMultiThreading\navalBattleMulti\boat.cpp(142,35): warning C4244: 'argument' : conversion de 'const int' en 'float', perte possible de données
C:\Users\Megaport\Documents\GitHub\navalBattleMultiThreading\navalBattleMulti\boat.cpp(142,24): warning C4244: 'argument' : conversion de 'const int' en 'float', perte possible de données
  computer.cpp
C:\Users\Megaport\Documents\GitHub\navalBattleMultiThreading\navalBattleMulti\computer.cpp(197,28): warning C4244: 'argument' : conversion de 'int' en 'T', perte possible de données
          with
          [
              T=float
          ]
C:\Users\Megaport\Documents\GitHub\navalBattleMultiThreading\navalBattleMulti\computer.cpp(196,83): warning C4244: 'argument' : conversion de 'int' en 'T', perte possible de données
          with
          [
              T=float
          ]
C:\Users\Megaport\Documents\GitHub\navalBattleMultiThreading\navalBattleMulti\computer.cpp(197,60): warning C4244: 'argument' : conversion de 'const int' en 'T', perte possible de données
          with
          [
              T=float
          ]
C:\Users\Megaport\Documents\GitHub\navalBattleMultiThreading\navalBattleMulti\computer.cpp(197,47): warning C4244: 'argument' : conversion de 'const int' en 'T', perte possible de données
          with
          [
              T=float
          ]
C:\Users\Megaport\Documents\GitHub\navalBattleMultiThreading\navalBattleMulti\computer.cpp(225,97): warning C4244: 'argument' : conversion de 'T' en 'T', perte possible de données
          with
          [
              T=int
          ]
          and
          [
              T=float
          ]
C:\Users\Megaport\Documents\GitHub\navalBattleMultiThreading\navalBattleMulti\computer.cpp(225,66): warning C4244: 'argument' : conversion de 'T' en 'T', perte possible de données
          with
          [
              T=int
          ]
          and
          [
              T=float
          ]
  game.cpp
  navalBattleMulti.cpp
  Génération de code en cours...
C:\Users\Megaport\Documents\GitHub\navalBattleMultiThreading\navalBattleMulti\computer.cpp(158): warning C4715: 'computerBoard::checkCase' : les chemins de contrôle ne retournent pas tous une valeur
C:\Users\Megaport\Documents\GitHub\navalBattleMultiThreading\navalBattleMulti\boat.cpp(126): warning C4715: 'Boat::getBoatPosition' : les chemins de contrôle ne retournent pas tous une valeur
C:\Users\Megaport\Documents\GitHub\navalBattleMultiThreading\navalBattleMulti\board.cpp(351): warning C4715: 'Board::checkComputerChoice' : les chemins de contrôle ne retournent pas tous une valeur
  navalBattleMulti.vcxproj -> C:\Users\Megaport\Documents\GitHub\navalBattleMultiThreading\x64\Debug\navalBattleMulti.exe
